c:\users\matt\documents\misc\abertay\coursework\1st year\cmp102 software design\darts exercise (unit 2)\501-darts\501darts\501darts\debug\501darts.pch
c:\users\matt\documents\misc\abertay\coursework\1st year\cmp102 software design\darts exercise (unit 2)\501-darts\501darts\501darts\debug\vc141.pdb
c:\users\matt\documents\misc\abertay\coursework\1st year\cmp102 software design\darts exercise (unit 2)\501-darts\501darts\501darts\debug\vc141.idb
c:\users\matt\documents\misc\abertay\coursework\1st year\cmp102 software design\darts exercise (unit 2)\501-darts\501darts\501darts\debug\pch.obj
c:\users\matt\documents\misc\abertay\coursework\1st year\cmp102 software design\darts exercise (unit 2)\501-darts\501darts\501darts\debug\userinterface.obj
c:\users\matt\documents\misc\abertay\coursework\1st year\cmp102 software design\darts exercise (unit 2)\501-darts\501darts\501darts\debug\statistics.obj
c:\users\matt\documents\misc\abertay\coursework\1st year\cmp102 software design\darts exercise (unit 2)\501-darts\501darts\501darts\debug\scoreboard.obj
c:\users\matt\documents\misc\abertay\coursework\1st year\cmp102 software design\darts exercise (unit 2)\501-darts\501darts\501darts\debug\player.obj
c:\users\matt\documents\misc\abertay\coursework\1st year\cmp102 software design\darts exercise (unit 2)\501-darts\501darts\501darts\debug\simdata.obj
c:\users\matt\documents\misc\abertay\coursework\1st year\cmp102 software design\darts exercise (unit 2)\501-darts\501darts\501darts\debug\simulator.obj
c:\users\matt\documents\misc\abertay\coursework\1st year\cmp102 software design\darts exercise (unit 2)\501-darts\501darts\501darts\debug\playerinteractive.obj
c:\users\matt\documents\misc\abertay\coursework\1st year\cmp102 software design\darts exercise (unit 2)\501-darts\501darts\501darts\debug\playeradvancedtest.obj
c:\users\matt\documents\misc\abertay\coursework\1st year\cmp102 software design\darts exercise (unit 2)\501-darts\501darts\501darts\debug\playeradvanced.obj
c:\users\matt\documents\misc\abertay\coursework\1st year\cmp102 software design\darts exercise (unit 2)\501-darts\501darts\501darts\debug\dartboard.obj
c:\users\matt\documents\misc\abertay\coursework\1st year\cmp102 software design\darts exercise (unit 2)\501-darts\501darts\501darts\debug\main.obj
c:\users\matt\documents\misc\abertay\coursework\1st year\cmp102 software design\darts exercise (unit 2)\501-darts\501darts\501darts\debug\dartboardvector.obj
c:\users\matt\documents\misc\abertay\coursework\1st year\cmp102 software design\darts exercise (unit 2)\501-darts\501darts\501darts\debug\dartboardprovided.obj
c:\users\matt\documents\misc\abertay\coursework\1st year\cmp102 software design\darts exercise (unit 2)\501-darts\501darts\501darts\debug\playerbasic.obj
c:\users\matt\documents\misc\abertay\coursework\1st year\cmp102 software design\darts exercise (unit 2)\501-darts\501darts\debug\501darts.exe
c:\users\matt\documents\misc\abertay\coursework\1st year\cmp102 software design\darts exercise (unit 2)\501-darts\501darts\debug\501darts.ilk
c:\users\matt\documents\misc\abertay\coursework\1st year\cmp102 software design\darts exercise (unit 2)\501-darts\501darts\debug\501darts.pdb
c:\users\matt\documents\misc\abertay\coursework\1st year\cmp102 software design\darts exercise (unit 2)\501-darts\501darts\501darts\debug\501darts.tlog\cl.command.1.tlog
c:\users\matt\documents\misc\abertay\coursework\1st year\cmp102 software design\darts exercise (unit 2)\501-darts\501darts\501darts\debug\501darts.tlog\cl.read.1.tlog
c:\users\matt\documents\misc\abertay\coursework\1st year\cmp102 software design\darts exercise (unit 2)\501-darts\501darts\501darts\debug\501darts.tlog\cl.write.1.tlog
c:\users\matt\documents\misc\abertay\coursework\1st year\cmp102 software design\darts exercise (unit 2)\501-darts\501darts\501darts\debug\501darts.tlog\link.command.1.tlog
c:\users\matt\documents\misc\abertay\coursework\1st year\cmp102 software design\darts exercise (unit 2)\501-darts\501darts\501darts\debug\501darts.tlog\link.read.1.tlog
c:\users\matt\documents\misc\abertay\coursework\1st year\cmp102 software design\darts exercise (unit 2)\501-darts\501darts\501darts\debug\501darts.tlog\link.write.1.tlog
