  pch.cpp
  DartboardProvided.cpp
  DartboardVector.cpp
c:\users\matt\documents\coursework\cmp102 software development\501-darts\501darts\501darts\dartboardvector.cpp(69): warning C4244: 'initializing': conversion from 'double' to 'float', possible loss of data
c:\users\matt\documents\coursework\cmp102 software development\501-darts\501darts\501darts\dartboardvector.cpp(74): warning C4244: '=': conversion from 'double' to 'float', possible loss of data
c:\users\matt\documents\coursework\cmp102 software development\501-darts\501darts\501darts\dartboardvector.cpp(86): warning C4244: 'initializing': conversion from 'double' to 'float', possible loss of data
c:\users\matt\documents\coursework\cmp102 software development\501-darts\501darts\501darts\dartboardvector.cpp(109): warning C4244: 'initializing': conversion from 'float' to 'int', possible loss of data
  Main.cpp
c:\users\matt\documents\coursework\cmp102 software development\501-darts\501darts\501darts\main.cpp(18): warning C4244: 'argument': conversion from 'time_t' to 'unsigned int', possible loss of data
  Dartboard.cpp
  PlayerAdvanced.cpp
  PlayerBasic.cpp
  PlayerInteractive.cpp
  Simulator.cpp
  SimData.cpp
  Player.cpp
  Scoreboard.cpp
  Statistics.cpp
  UserInterface.cpp
  Generating Code...
  501Darts.vcxproj -> C:\Users\Matt\Documents\Coursework\CMP102 Software development\501-Darts\501Darts\Debug\501Darts.exe
